<?xml version="1.0" encoding="UTF-8"?>
<!-- Generated by org.testng.reporters.JUnitReportReporter -->
<testsuite hostname="EPINPUNW04EC" failures="0" tests="2" name="vijayFramework.Tests.LoginErrorValidation" time="21.522" errors="0" timestamp="2025-02-21T05:17:57 IST" skipped="0">
  <testcase classname="vijayFramework.Tests.LoginErrorValidation" name="addProductMultipleTestsInSameClass" time="12.054"/>
  <testcase classname="vijayFramework.Tests.LoginErrorValidation" name="addProduct" time="9.468"/>
</testsuite> <!-- vijayFramework.Tests.LoginErrorValidation -->
