<?xml version="1.0" encoding="UTF-8"?>
<!-- Generated by org.testng.reporters.JUnitReportReporter -->
<testsuite hostname="EPINPUNW04EC" failures="0" tests="3" name="vijayFramework.Tests.StandAloneTestModified" time="30.511" errors="0" timestamp="2025-02-21T05:17:57 IST" skipped="0">
  <testcase classname="vijayFramework.Tests.StandAloneTestModified" name="ZaddProduct" time="11.242"/>
  <testcase classname="vijayFramework.Tests.StandAloneTestModified" name="OrderConfirmation" time="5.869"/>
  <testcase classname="vijayFramework.Tests.StandAloneTestModified" name="ZaddProduct" time="13.400"/>
</testsuite> <!-- vijayFramework.Tests.StandAloneTestModified -->
